running develop
/usr/lib/python3/dist-packages/setuptools/command/easy_install.py:158: EasyInstallDeprecationWarning: easy_install command is deprecated. Use build and pip and other standards-based tools.
  warnings.warn(
Removing /home/omarwaleed/turtle_catch_ws/src/install/turtle_catch/lib/python3.10/site-packages/turtle-catch.egg-link (link to .)
running egg_info
writing ../build/turtle_catch/turtle_catch.egg-info/PKG-INFO
writing dependency_links to ../build/turtle_catch/turtle_catch.egg-info/dependency_links.txt
writing entry points to ../build/turtle_catch/turtle_catch.egg-info/entry_points.txt
writing requirements to ../build/turtle_catch/turtle_catch.egg-info/requires.txt
writing top-level names to ../build/turtle_catch/turtle_catch.egg-info/top_level.txt
reading manifest file '../build/turtle_catch/turtle_catch.egg-info/SOURCES.txt'
writing manifest file '../build/turtle_catch/turtle_catch.egg-info/SOURCES.txt'
running build
running build_py
running install
running install_lib
creating /home/omarwaleed/turtle_catch_ws/src/install/turtle_catch/lib/python3.10/site-packages/turtle_catch
copying /home/omarwaleed/turtle_catch_ws/src/build/turtle_catch/build/lib/turtle_catch/turtle_control.py -> /home/omarwaleed/turtle_catch_ws/src/install/turtle_catch/lib/python3.10/site-packages/turtle_catch
copying /home/omarwaleed/turtle_catch_ws/src/build/turtle_catch/build/lib/turtle_catch/collision_detection.py -> /home/omarwaleed/turtle_catch_ws/src/install/turtle_catch/lib/python3.10/site-packages/turtle_catch
copying /home/omarwaleed/turtle_catch_ws/src/build/turtle_catch/build/lib/turtle_catch/__init__.py -> /home/omarwaleed/turtle_catch_ws/src/install/turtle_catch/lib/python3.10/site-packages/turtle_catch
copying /home/omarwaleed/turtle_catch_ws/src/build/turtle_catch/build/lib/turtle_catch/turtle_spawner.py -> /home/omarwaleed/turtle_catch_ws/src/install/turtle_catch/lib/python3.10/site-packages/turtle_catch
byte-compiling /home/omarwaleed/turtle_catch_ws/src/install/turtle_catch/lib/python3.10/site-packages/turtle_catch/turtle_control.py to turtle_control.cpython-310.pyc
byte-compiling /home/omarwaleed/turtle_catch_ws/src/install/turtle_catch/lib/python3.10/site-packages/turtle_catch/collision_detection.py to collision_detection.cpython-310.pyc
byte-compiling /home/omarwaleed/turtle_catch_ws/src/install/turtle_catch/lib/python3.10/site-packages/turtle_catch/__init__.py to __init__.cpython-310.pyc
byte-compiling /home/omarwaleed/turtle_catch_ws/src/install/turtle_catch/lib/python3.10/site-packages/turtle_catch/turtle_spawner.py to turtle_spawner.cpython-310.pyc
running install_data
copying resource/turtle_catch -> /home/omarwaleed/turtle_catch_ws/src/install/turtle_catch/share/ament_index/resource_index/packages
copying package.xml -> /home/omarwaleed/turtle_catch_ws/src/install/turtle_catch/share/turtle_catch
running install_egg_info
Copying ../build/turtle_catch/turtle_catch.egg-info to /home/omarwaleed/turtle_catch_ws/src/install/turtle_catch/lib/python3.10/site-packages/turtle_catch-0.0.0-py3.10.egg-info
running install_scripts
Installing collision_detection script to /home/omarwaleed/turtle_catch_ws/src/install/turtle_catch/lib/turtle_catch
Installing turtle_control script to /home/omarwaleed/turtle_catch_ws/src/install/turtle_catch/lib/turtle_catch
Installing turtle_spawner script to /home/omarwaleed/turtle_catch_ws/src/install/turtle_catch/lib/turtle_catch
writing list of installed files to '/home/omarwaleed/turtle_catch_ws/src/build/turtle_catch/install.log'
