[1.004s] Invoking command in '/home/omarwaleed/turtle_catch_ws/src/build/turtle_catch': PYTHONPATH=/home/omarwaleed/turtle_catch_ws/src/build/turtle_catch/prefix_override:/usr/lib/python3/dist-packages/colcon_core/task/python/colcon_distutils_commands:/home/omarwaleed/turtle_catch_ws/src/install/turtle_catch/lib/python3.10/site-packages:${PYTHONPATH} /usr/bin/python3 -W ignore:setup.py install is deprecated setup.py develop --uninstall --editable --build-directory /home/omarwaleed/turtle_catch_ws/src/build/turtle_catch/build
[1.289s] running develop
[1.302s] /usr/lib/python3/dist-packages/setuptools/command/easy_install.py:158: EasyInstallDeprecationWarning: easy_install command is deprecated. Use build and pip and other standards-based tools.
[1.303s]   warnings.warn(
[1.492s] Removing /home/omarwaleed/turtle_catch_ws/src/install/turtle_catch/lib/python3.10/site-packages/turtle-catch.egg-link (link to .)
[1.516s] Invoked command in '/home/omarwaleed/turtle_catch_ws/src/build/turtle_catch' returned '0': PYTHONPATH=/home/omarwaleed/turtle_catch_ws/src/build/turtle_catch/prefix_override:/usr/lib/python3/dist-packages/colcon_core/task/python/colcon_distutils_commands:/home/omarwaleed/turtle_catch_ws/src/install/turtle_catch/lib/python3.10/site-packages:${PYTHONPATH} /usr/bin/python3 -W ignore:setup.py install is deprecated setup.py develop --uninstall --editable --build-directory /home/omarwaleed/turtle_catch_ws/src/build/turtle_catch/build
[1.518s] Invoking command in '/home/omarwaleed/turtle_catch_ws/src/turtle_catch': PYTHONPATH=/home/omarwaleed/turtle_catch_ws/src/build/turtle_catch/prefix_override:/usr/lib/python3/dist-packages/colcon_core/task/python/colcon_distutils_commands:/home/omarwaleed/turtle_catch_ws/src/install/turtle_catch/lib/python3.10/site-packages:${PYTHONPATH} /usr/bin/python3 -W ignore:setup.py install is deprecated setup.py egg_info --egg-base ../build/turtle_catch build --build-base /home/omarwaleed/turtle_catch_ws/src/build/turtle_catch/build install --record /home/omarwaleed/turtle_catch_ws/src/build/turtle_catch/install.log --single-version-externally-managed install_data --force
[1.747s] running egg_info
[1.748s] writing ../build/turtle_catch/turtle_catch.egg-info/PKG-INFO
[1.748s] writing dependency_links to ../build/turtle_catch/turtle_catch.egg-info/dependency_links.txt
[1.748s] writing entry points to ../build/turtle_catch/turtle_catch.egg-info/entry_points.txt
[1.748s] writing requirements to ../build/turtle_catch/turtle_catch.egg-info/requires.txt
[1.748s] writing top-level names to ../build/turtle_catch/turtle_catch.egg-info/top_level.txt
[1.750s] reading manifest file '../build/turtle_catch/turtle_catch.egg-info/SOURCES.txt'
[1.754s] writing manifest file '../build/turtle_catch/turtle_catch.egg-info/SOURCES.txt'
[1.754s] running build
[1.755s] running build_py
[1.755s] running install
[1.756s] running install_lib
[1.756s] creating /home/omarwaleed/turtle_catch_ws/src/install/turtle_catch/lib/python3.10/site-packages/turtle_catch
[1.756s] copying /home/omarwaleed/turtle_catch_ws/src/build/turtle_catch/build/lib/turtle_catch/turtle_control.py -> /home/omarwaleed/turtle_catch_ws/src/install/turtle_catch/lib/python3.10/site-packages/turtle_catch
[1.756s] copying /home/omarwaleed/turtle_catch_ws/src/build/turtle_catch/build/lib/turtle_catch/collision_detection.py -> /home/omarwaleed/turtle_catch_ws/src/install/turtle_catch/lib/python3.10/site-packages/turtle_catch
[1.757s] copying /home/omarwaleed/turtle_catch_ws/src/build/turtle_catch/build/lib/turtle_catch/__init__.py -> /home/omarwaleed/turtle_catch_ws/src/install/turtle_catch/lib/python3.10/site-packages/turtle_catch
[1.757s] copying /home/omarwaleed/turtle_catch_ws/src/build/turtle_catch/build/lib/turtle_catch/turtle_spawner.py -> /home/omarwaleed/turtle_catch_ws/src/install/turtle_catch/lib/python3.10/site-packages/turtle_catch
[1.758s] byte-compiling /home/omarwaleed/turtle_catch_ws/src/install/turtle_catch/lib/python3.10/site-packages/turtle_catch/turtle_control.py to turtle_control.cpython-310.pyc
[1.758s] byte-compiling /home/omarwaleed/turtle_catch_ws/src/install/turtle_catch/lib/python3.10/site-packages/turtle_catch/collision_detection.py to collision_detection.cpython-310.pyc
[1.759s] byte-compiling /home/omarwaleed/turtle_catch_ws/src/install/turtle_catch/lib/python3.10/site-packages/turtle_catch/__init__.py to __init__.cpython-310.pyc
[1.759s] byte-compiling /home/omarwaleed/turtle_catch_ws/src/install/turtle_catch/lib/python3.10/site-packages/turtle_catch/turtle_spawner.py to turtle_spawner.cpython-310.pyc
[1.759s] running install_data
[1.759s] copying resource/turtle_catch -> /home/omarwaleed/turtle_catch_ws/src/install/turtle_catch/share/ament_index/resource_index/packages
[1.777s] copying package.xml -> /home/omarwaleed/turtle_catch_ws/src/install/turtle_catch/share/turtle_catch
[1.778s] running install_egg_info
[1.785s] Copying ../build/turtle_catch/turtle_catch.egg-info to /home/omarwaleed/turtle_catch_ws/src/install/turtle_catch/lib/python3.10/site-packages/turtle_catch-0.0.0-py3.10.egg-info
[1.788s] running install_scripts
[1.818s] Installing collision_detection script to /home/omarwaleed/turtle_catch_ws/src/install/turtle_catch/lib/turtle_catch
[1.818s] Installing turtle_control script to /home/omarwaleed/turtle_catch_ws/src/install/turtle_catch/lib/turtle_catch
[1.818s] Installing turtle_spawner script to /home/omarwaleed/turtle_catch_ws/src/install/turtle_catch/lib/turtle_catch
[1.819s] writing list of installed files to '/home/omarwaleed/turtle_catch_ws/src/build/turtle_catch/install.log'
[1.843s] Invoked command in '/home/omarwaleed/turtle_catch_ws/src/turtle_catch' returned '0': PYTHONPATH=/home/omarwaleed/turtle_catch_ws/src/build/turtle_catch/prefix_override:/usr/lib/python3/dist-packages/colcon_core/task/python/colcon_distutils_commands:/home/omarwaleed/turtle_catch_ws/src/install/turtle_catch/lib/python3.10/site-packages:${PYTHONPATH} /usr/bin/python3 -W ignore:setup.py install is deprecated setup.py egg_info --egg-base ../build/turtle_catch build --build-base /home/omarwaleed/turtle_catch_ws/src/build/turtle_catch/build install --record /home/omarwaleed/turtle_catch_ws/src/build/turtle_catch/install.log --single-version-externally-managed install_data --force
