running egg_info
writing build/turtle_catch/turtle_catch.egg-info/PKG-INFO
writing dependency_links to build/turtle_catch/turtle_catch.egg-info/dependency_links.txt
writing entry points to build/turtle_catch/turtle_catch.egg-info/entry_points.txt
writing requirements to build/turtle_catch/turtle_catch.egg-info/requires.txt
writing top-level names to build/turtle_catch/turtle_catch.egg-info/top_level.txt
reading manifest file 'build/turtle_catch/turtle_catch.egg-info/SOURCES.txt'
writing manifest file 'build/turtle_catch/turtle_catch.egg-info/SOURCES.txt'
running build
running build_py
copying turtle_catch/collision_detection.py -> /home/omarwaleed/turtle_catch_ws/src/turtle_catch/build/turtle_catch/build/lib/turtle_catch
running install
running install_lib
copying /home/omarwaleed/turtle_catch_ws/src/turtle_catch/build/turtle_catch/build/lib/turtle_catch/collision_detection.py -> /home/omarwaleed/turtle_catch_ws/src/turtle_catch/install/turtle_catch/lib/python3.10/site-packages/turtle_catch
byte-compiling /home/omarwaleed/turtle_catch_ws/src/turtle_catch/install/turtle_catch/lib/python3.10/site-packages/turtle_catch/collision_detection.py to collision_detection.cpython-310.pyc
running install_data
running install_egg_info
removing '/home/omarwaleed/turtle_catch_ws/src/turtle_catch/install/turtle_catch/lib/python3.10/site-packages/turtle_catch-0.0.0-py3.10.egg-info' (and everything under it)
Copying build/turtle_catch/turtle_catch.egg-info to /home/omarwaleed/turtle_catch_ws/src/turtle_catch/install/turtle_catch/lib/python3.10/site-packages/turtle_catch-0.0.0-py3.10.egg-info
running install_scripts
Installing collision_detection script to /home/omarwaleed/turtle_catch_ws/src/turtle_catch/install/turtle_catch/lib/turtle_catch
Installing turtle_control script to /home/omarwaleed/turtle_catch_ws/src/turtle_catch/install/turtle_catch/lib/turtle_catch
Installing turtle_spawner script to /home/omarwaleed/turtle_catch_ws/src/turtle_catch/install/turtle_catch/lib/turtle_catch
writing list of installed files to '/home/omarwaleed/turtle_catch_ws/src/turtle_catch/build/turtle_catch/install.log'
