[1.261s] Invoking command in '/home/omarwaleed/turtle_catch_ws/build/turtle_catch': PYTHONPATH=/home/omarwaleed/turtle_catch_ws/build/turtle_catch/prefix_override:/usr/lib/python3/dist-packages/colcon_core/task/python/colcon_distutils_commands:/home/omarwaleed/turtle_catch_ws/install/turtle_catch/lib/python3.10/site-packages:${PYTHONPATH} /usr/bin/python3 -W ignore:setup.py install is deprecated setup.py develop --editable --build-directory /home/omarwaleed/turtle_catch_ws/build/turtle_catch/build --no-deps symlink_data
[1.821s] running develop
[1.822s] /usr/lib/python3/dist-packages/setuptools/command/easy_install.py:158: EasyInstallDeprecationWarning: easy_install command is deprecated. Use build and pip and other standards-based tools.
[1.822s]   warnings.warn(
[2.159s] running egg_info
[2.160s] writing turtle_catch.egg-info/PKG-INFO
[2.160s] writing dependency_links to turtle_catch.egg-info/dependency_links.txt
[2.160s] writing entry points to turtle_catch.egg-info/entry_points.txt
[2.161s] writing requirements to turtle_catch.egg-info/requires.txt
[2.161s] writing top-level names to turtle_catch.egg-info/top_level.txt
[2.164s] reading manifest file 'turtle_catch.egg-info/SOURCES.txt'
[2.166s] writing manifest file 'turtle_catch.egg-info/SOURCES.txt'
[2.169s] running build_ext
[2.169s] Creating /home/omarwaleed/turtle_catch_ws/install/turtle_catch/lib/python3.10/site-packages/turtle-catch.egg-link (link to .)
[2.171s] Installing collision_detection script to /home/omarwaleed/turtle_catch_ws/install/turtle_catch/lib/turtle_catch
[2.171s] Installing turtle_control script to /home/omarwaleed/turtle_catch_ws/install/turtle_catch/lib/turtle_catch
[2.172s] Installing turtle_spawner script to /home/omarwaleed/turtle_catch_ws/install/turtle_catch/lib/turtle_catch
[2.172s] 
[2.173s] Installed /home/omarwaleed/turtle_catch_ws/build/turtle_catch
[2.173s] running symlink_data
[2.221s] Invoked command in '/home/omarwaleed/turtle_catch_ws/build/turtle_catch' returned '0': PYTHONPATH=/home/omarwaleed/turtle_catch_ws/build/turtle_catch/prefix_override:/usr/lib/python3/dist-packages/colcon_core/task/python/colcon_distutils_commands:/home/omarwaleed/turtle_catch_ws/install/turtle_catch/lib/python3.10/site-packages:${PYTHONPATH} /usr/bin/python3 -W ignore:setup.py install is deprecated setup.py develop --editable --build-directory /home/omarwaleed/turtle_catch_ws/build/turtle_catch/build --no-deps symlink_data
