/home/omarwaleed/turtle_catch_ws/src/turtle_catch/install/turtle_catch/lib/python3.10/site-packages/turtle_catch/turtle_control.py
/home/omarwaleed/turtle_catch_ws/src/turtle_catch/install/turtle_catch/lib/python3.10/site-packages/turtle_catch/collision_detection.py
/home/omarwaleed/turtle_catch_ws/src/turtle_catch/install/turtle_catch/lib/python3.10/site-packages/turtle_catch/__init__.py
/home/omarwaleed/turtle_catch_ws/src/turtle_catch/install/turtle_catch/lib/python3.10/site-packages/turtle_catch/turtle_spawner.py
/home/omarwaleed/turtle_catch_ws/src/turtle_catch/install/turtle_catch/lib/python3.10/site-packages/turtle_catch/__pycache__/turtle_control.cpython-310.pyc
/home/omarwaleed/turtle_catch_ws/src/turtle_catch/install/turtle_catch/lib/python3.10/site-packages/turtle_catch/__pycache__/collision_detection.cpython-310.pyc
/home/omarwaleed/turtle_catch_ws/src/turtle_catch/install/turtle_catch/lib/python3.10/site-packages/turtle_catch/__pycache__/__init__.cpython-310.pyc
/home/omarwaleed/turtle_catch_ws/src/turtle_catch/install/turtle_catch/lib/python3.10/site-packages/turtle_catch/__pycache__/turtle_spawner.cpython-310.pyc
/home/omarwaleed/turtle_catch_ws/src/turtle_catch/install/turtle_catch/share/ament_index/resource_index/packages/turtle_catch
/home/omarwaleed/turtle_catch_ws/src/turtle_catch/install/turtle_catch/share/turtle_catch/package.xml
/home/omarwaleed/turtle_catch_ws/src/turtle_catch/install/turtle_catch/lib/python3.10/site-packages/turtle_catch-0.0.0-py3.10.egg-info/zip-safe
/home/omarwaleed/turtle_catch_ws/src/turtle_catch/install/turtle_catch/lib/python3.10/site-packages/turtle_catch-0.0.0-py3.10.egg-info/SOURCES.txt
/home/omarwaleed/turtle_catch_ws/src/turtle_catch/install/turtle_catch/lib/python3.10/site-packages/turtle_catch-0.0.0-py3.10.egg-info/dependency_links.txt
/home/omarwaleed/turtle_catch_ws/src/turtle_catch/install/turtle_catch/lib/python3.10/site-packages/turtle_catch-0.0.0-py3.10.egg-info/requires.txt
/home/omarwaleed/turtle_catch_ws/src/turtle_catch/install/turtle_catch/lib/python3.10/site-packages/turtle_catch-0.0.0-py3.10.egg-info/PKG-INFO
/home/omarwaleed/turtle_catch_ws/src/turtle_catch/install/turtle_catch/lib/python3.10/site-packages/turtle_catch-0.0.0-py3.10.egg-info/entry_points.txt
/home/omarwaleed/turtle_catch_ws/src/turtle_catch/install/turtle_catch/lib/python3.10/site-packages/turtle_catch-0.0.0-py3.10.egg-info/top_level.txt
/home/omarwaleed/turtle_catch_ws/src/turtle_catch/install/turtle_catch/lib/turtle_catch/collision_detection
/home/omarwaleed/turtle_catch_ws/src/turtle_catch/install/turtle_catch/lib/turtle_catch/turtle_control
/home/omarwaleed/turtle_catch_ws/src/turtle_catch/install/turtle_catch/lib/turtle_catch/turtle_spawner
