[1.452s] Invoking command in '/home/omarwaleed/turtle_catch_ws/build/turtle_catch': PYTHONPATH=/home/omarwaleed/turtle_catch_ws/build/turtle_catch/prefix_override:/usr/lib/python3/dist-packages/colcon_core/task/python/colcon_distutils_commands:/home/omarwaleed/turtle_catch_ws/install/turtle_catch/lib/python3.10/site-packages:${PYTHONPATH} /usr/bin/python3 -W ignore:setup.py install is deprecated setup.py develop --editable --build-directory /home/omarwaleed/turtle_catch_ws/build/turtle_catch/build --no-deps symlink_data --force
[2.040s] running develop
[2.041s] /usr/lib/python3/dist-packages/setuptools/command/easy_install.py:158: EasyInstallDeprecationWarning: easy_install command is deprecated. Use build and pip and other standards-based tools.
[2.041s]   warnings.warn(
[2.394s] running egg_info
[2.394s] writing turtle_catch.egg-info/PKG-INFO
[2.395s] writing dependency_links to turtle_catch.egg-info/dependency_links.txt
[2.395s] writing entry points to turtle_catch.egg-info/entry_points.txt
[2.396s] writing requirements to turtle_catch.egg-info/requires.txt
[2.396s] writing top-level names to turtle_catch.egg-info/top_level.txt
[2.399s] reading manifest file 'turtle_catch.egg-info/SOURCES.txt'
[2.495s] writing manifest file 'turtle_catch.egg-info/SOURCES.txt'
[2.502s] running build_ext
[2.503s] Creating /home/omarwaleed/turtle_catch_ws/install/turtle_catch/lib/python3.10/site-packages/turtle-catch.egg-link (link to .)
[2.507s] Installing collision_detection script to /home/omarwaleed/turtle_catch_ws/install/turtle_catch/lib/turtle_catch
[2.508s] Installing turtle_control script to /home/omarwaleed/turtle_catch_ws/install/turtle_catch/lib/turtle_catch
[2.508s] Installing turtle_spawner script to /home/omarwaleed/turtle_catch_ws/install/turtle_catch/lib/turtle_catch
[2.509s] 
[2.509s] Installed /home/omarwaleed/turtle_catch_ws/build/turtle_catch
[2.509s] running symlink_data
[2.510s] symbolically linking /home/omarwaleed/turtle_catch_ws/build/turtle_catch/resource/turtle_catch -> /home/omarwaleed/turtle_catch_ws/install/turtle_catch/share/ament_index/resource_index/packages
[2.510s] symbolically linking /home/omarwaleed/turtle_catch_ws/build/turtle_catch/package.xml -> /home/omarwaleed/turtle_catch_ws/install/turtle_catch/share/turtle_catch
[2.568s] Invoked command in '/home/omarwaleed/turtle_catch_ws/build/turtle_catch' returned '0': PYTHONPATH=/home/omarwaleed/turtle_catch_ws/build/turtle_catch/prefix_override:/usr/lib/python3/dist-packages/colcon_core/task/python/colcon_distutils_commands:/home/omarwaleed/turtle_catch_ws/install/turtle_catch/lib/python3.10/site-packages:${PYTHONPATH} /usr/bin/python3 -W ignore:setup.py install is deprecated setup.py develop --editable --build-directory /home/omarwaleed/turtle_catch_ws/build/turtle_catch/build --no-deps symlink_data --force
