[0.563s] Invoking command in '/home/omarwaleed/turtle_catch_ws/src/turtle_catch': PYTHONPATH=/home/omarwaleed/turtle_catch_ws/src/turtle_catch/build/turtle_catch/prefix_override:/usr/lib/python3/dist-packages/colcon_core/task/python/colcon_distutils_commands:/home/omarwaleed/turtle_catch_ws/src/turtle_catch/install/turtle_catch/lib/python3.10/site-packages:${PYTHONPATH} /usr/bin/python3 -W ignore:setup.py install is deprecated setup.py egg_info --egg-base build/turtle_catch build --build-base /home/omarwaleed/turtle_catch_ws/src/turtle_catch/build/turtle_catch/build install --record /home/omarwaleed/turtle_catch_ws/src/turtle_catch/build/turtle_catch/install.log --single-version-externally-managed install_data
[0.792s] running egg_info
[0.792s] creating build/turtle_catch/turtle_catch.egg-info
[0.792s] writing build/turtle_catch/turtle_catch.egg-info/PKG-INFO
[0.793s] writing dependency_links to build/turtle_catch/turtle_catch.egg-info/dependency_links.txt
[0.793s] writing entry points to build/turtle_catch/turtle_catch.egg-info/entry_points.txt
[0.793s] writing requirements to build/turtle_catch/turtle_catch.egg-info/requires.txt
[0.793s] writing top-level names to build/turtle_catch/turtle_catch.egg-info/top_level.txt
[0.793s] writing manifest file 'build/turtle_catch/turtle_catch.egg-info/SOURCES.txt'
[0.794s] reading manifest file 'build/turtle_catch/turtle_catch.egg-info/SOURCES.txt'
[0.795s] writing manifest file 'build/turtle_catch/turtle_catch.egg-info/SOURCES.txt'
[0.795s] running build
[0.795s] running build_py
[0.795s] creating /home/omarwaleed/turtle_catch_ws/src/turtle_catch/build/turtle_catch/build
[0.796s] creating /home/omarwaleed/turtle_catch_ws/src/turtle_catch/build/turtle_catch/build/lib
[0.796s] creating /home/omarwaleed/turtle_catch_ws/src/turtle_catch/build/turtle_catch/build/lib/turtle_catch
[0.796s] copying turtle_catch/turtle_control.py -> /home/omarwaleed/turtle_catch_ws/src/turtle_catch/build/turtle_catch/build/lib/turtle_catch
[0.796s] copying turtle_catch/__init__.py -> /home/omarwaleed/turtle_catch_ws/src/turtle_catch/build/turtle_catch/build/lib/turtle_catch
[0.796s] copying turtle_catch/turtle_spawner.py -> /home/omarwaleed/turtle_catch_ws/src/turtle_catch/build/turtle_catch/build/lib/turtle_catch
[0.796s] running install
[0.796s] running install_lib
[0.797s] creating /home/omarwaleed/turtle_catch_ws/src/turtle_catch/install/turtle_catch/lib/python3.10/site-packages/turtle_catch
[0.797s] copying /home/omarwaleed/turtle_catch_ws/src/turtle_catch/build/turtle_catch/build/lib/turtle_catch/turtle_control.py -> /home/omarwaleed/turtle_catch_ws/src/turtle_catch/install/turtle_catch/lib/python3.10/site-packages/turtle_catch
[0.797s] copying /home/omarwaleed/turtle_catch_ws/src/turtle_catch/build/turtle_catch/build/lib/turtle_catch/__init__.py -> /home/omarwaleed/turtle_catch_ws/src/turtle_catch/install/turtle_catch/lib/python3.10/site-packages/turtle_catch
[0.797s] copying /home/omarwaleed/turtle_catch_ws/src/turtle_catch/build/turtle_catch/build/lib/turtle_catch/turtle_spawner.py -> /home/omarwaleed/turtle_catch_ws/src/turtle_catch/install/turtle_catch/lib/python3.10/site-packages/turtle_catch
[0.797s] byte-compiling /home/omarwaleed/turtle_catch_ws/src/turtle_catch/install/turtle_catch/lib/python3.10/site-packages/turtle_catch/turtle_control.py to turtle_control.cpython-310.pyc
[0.798s] byte-compiling /home/omarwaleed/turtle_catch_ws/src/turtle_catch/install/turtle_catch/lib/python3.10/site-packages/turtle_catch/__init__.py to __init__.cpython-310.pyc
[0.798s] byte-compiling /home/omarwaleed/turtle_catch_ws/src/turtle_catch/install/turtle_catch/lib/python3.10/site-packages/turtle_catch/turtle_spawner.py to turtle_spawner.cpython-310.pyc
[0.798s] running install_data
[0.799s] creating /home/omarwaleed/turtle_catch_ws/src/turtle_catch/install/turtle_catch/share/ament_index
[0.799s] creating /home/omarwaleed/turtle_catch_ws/src/turtle_catch/install/turtle_catch/share/ament_index/resource_index
[0.799s] creating /home/omarwaleed/turtle_catch_ws/src/turtle_catch/install/turtle_catch/share/ament_index/resource_index/packages
[0.799s] copying resource/turtle_catch -> /home/omarwaleed/turtle_catch_ws/src/turtle_catch/install/turtle_catch/share/ament_index/resource_index/packages
[0.799s] copying package.xml -> /home/omarwaleed/turtle_catch_ws/src/turtle_catch/install/turtle_catch/share/turtle_catch
[0.799s] running install_egg_info
[0.800s] Copying build/turtle_catch/turtle_catch.egg-info to /home/omarwaleed/turtle_catch_ws/src/turtle_catch/install/turtle_catch/lib/python3.10/site-packages/turtle_catch-0.0.0-py3.10.egg-info
[0.801s] running install_scripts
[0.820s] Installing turtle_control script to /home/omarwaleed/turtle_catch_ws/src/turtle_catch/install/turtle_catch/lib/turtle_catch
[0.821s] Installing turtle_spawner script to /home/omarwaleed/turtle_catch_ws/src/turtle_catch/install/turtle_catch/lib/turtle_catch
[0.821s] writing list of installed files to '/home/omarwaleed/turtle_catch_ws/src/turtle_catch/build/turtle_catch/install.log'
[0.845s] Invoked command in '/home/omarwaleed/turtle_catch_ws/src/turtle_catch' returned '0': PYTHONPATH=/home/omarwaleed/turtle_catch_ws/src/turtle_catch/build/turtle_catch/prefix_override:/usr/lib/python3/dist-packages/colcon_core/task/python/colcon_distutils_commands:/home/omarwaleed/turtle_catch_ws/src/turtle_catch/install/turtle_catch/lib/python3.10/site-packages:${PYTHONPATH} /usr/bin/python3 -W ignore:setup.py install is deprecated setup.py egg_info --egg-base build/turtle_catch build --build-base /home/omarwaleed/turtle_catch_ws/src/turtle_catch/build/turtle_catch/build install --record /home/omarwaleed/turtle_catch_ws/src/turtle_catch/build/turtle_catch/install.log --single-version-externally-managed install_data
