[0.919s] Invoking command in '/home/omarwaleed/turtle_catch_ws/src/turtle_catch': PYTHONPATH=/home/omarwaleed/turtle_catch_ws/src/build/turtle_catch/prefix_override:/usr/lib/python3/dist-packages/colcon_core/task/python/colcon_distutils_commands:/home/omarwaleed/turtle_catch_ws/src/install/turtle_catch/lib/python3.10/site-packages: /usr/bin/python3 -W ignore:setup.py install is deprecated setup.py egg_info --egg-base ../build/turtle_catch build --build-base /home/omarwaleed/turtle_catch_ws/src/build/turtle_catch/build install --record /home/omarwaleed/turtle_catch_ws/src/build/turtle_catch/install.log --single-version-externally-managed install_data
[1.094s] running egg_info
[1.095s] creating ../build/turtle_catch/turtle_catch.egg-info
[1.095s] writing ../build/turtle_catch/turtle_catch.egg-info/PKG-INFO
[1.095s] writing dependency_links to ../build/turtle_catch/turtle_catch.egg-info/dependency_links.txt
[1.095s] writing entry points to ../build/turtle_catch/turtle_catch.egg-info/entry_points.txt
[1.096s] writing requirements to ../build/turtle_catch/turtle_catch.egg-info/requires.txt
[1.096s] writing top-level names to ../build/turtle_catch/turtle_catch.egg-info/top_level.txt
[1.096s] writing manifest file '../build/turtle_catch/turtle_catch.egg-info/SOURCES.txt'
[1.097s] reading manifest file '../build/turtle_catch/turtle_catch.egg-info/SOURCES.txt'
[1.098s] writing manifest file '../build/turtle_catch/turtle_catch.egg-info/SOURCES.txt'
[1.098s] running build
[1.098s] running build_py
[1.098s] creating /home/omarwaleed/turtle_catch_ws/src/build/turtle_catch/build
[1.099s] creating /home/omarwaleed/turtle_catch_ws/src/build/turtle_catch/build/lib
[1.099s] creating /home/omarwaleed/turtle_catch_ws/src/build/turtle_catch/build/lib/turtle_catch
[1.099s] copying turtle_catch/turtle_control.py -> /home/omarwaleed/turtle_catch_ws/src/build/turtle_catch/build/lib/turtle_catch
[1.099s] copying turtle_catch/collision_detection.py -> /home/omarwaleed/turtle_catch_ws/src/build/turtle_catch/build/lib/turtle_catch
[1.099s] copying turtle_catch/__init__.py -> /home/omarwaleed/turtle_catch_ws/src/build/turtle_catch/build/lib/turtle_catch
[1.099s] copying turtle_catch/turtle_spawner.py -> /home/omarwaleed/turtle_catch_ws/src/build/turtle_catch/build/lib/turtle_catch
[1.099s] running install
[1.099s] running install_lib
[1.100s] creating /home/omarwaleed/turtle_catch_ws/src/install/turtle_catch/lib/python3.10/site-packages/turtle_catch
[1.100s] copying /home/omarwaleed/turtle_catch_ws/src/build/turtle_catch/build/lib/turtle_catch/turtle_control.py -> /home/omarwaleed/turtle_catch_ws/src/install/turtle_catch/lib/python3.10/site-packages/turtle_catch
[1.100s] copying /home/omarwaleed/turtle_catch_ws/src/build/turtle_catch/build/lib/turtle_catch/collision_detection.py -> /home/omarwaleed/turtle_catch_ws/src/install/turtle_catch/lib/python3.10/site-packages/turtle_catch
[1.100s] copying /home/omarwaleed/turtle_catch_ws/src/build/turtle_catch/build/lib/turtle_catch/__init__.py -> /home/omarwaleed/turtle_catch_ws/src/install/turtle_catch/lib/python3.10/site-packages/turtle_catch
[1.100s] copying /home/omarwaleed/turtle_catch_ws/src/build/turtle_catch/build/lib/turtle_catch/turtle_spawner.py -> /home/omarwaleed/turtle_catch_ws/src/install/turtle_catch/lib/python3.10/site-packages/turtle_catch
[1.101s] byte-compiling /home/omarwaleed/turtle_catch_ws/src/install/turtle_catch/lib/python3.10/site-packages/turtle_catch/turtle_control.py to turtle_control.cpython-310.pyc
[1.101s] byte-compiling /home/omarwaleed/turtle_catch_ws/src/install/turtle_catch/lib/python3.10/site-packages/turtle_catch/collision_detection.py to collision_detection.cpython-310.pyc
[1.102s] byte-compiling /home/omarwaleed/turtle_catch_ws/src/install/turtle_catch/lib/python3.10/site-packages/turtle_catch/__init__.py to __init__.cpython-310.pyc
[1.102s] byte-compiling /home/omarwaleed/turtle_catch_ws/src/install/turtle_catch/lib/python3.10/site-packages/turtle_catch/turtle_spawner.py to turtle_spawner.cpython-310.pyc
[1.102s] running install_data
[1.102s] creating /home/omarwaleed/turtle_catch_ws/src/install/turtle_catch/share/ament_index
[1.102s] creating /home/omarwaleed/turtle_catch_ws/src/install/turtle_catch/share/ament_index/resource_index
[1.103s] creating /home/omarwaleed/turtle_catch_ws/src/install/turtle_catch/share/ament_index/resource_index/packages
[1.103s] copying resource/turtle_catch -> /home/omarwaleed/turtle_catch_ws/src/install/turtle_catch/share/ament_index/resource_index/packages
[1.103s] copying package.xml -> /home/omarwaleed/turtle_catch_ws/src/install/turtle_catch/share/turtle_catch
[1.103s] running install_egg_info
[1.104s] Copying ../build/turtle_catch/turtle_catch.egg-info to /home/omarwaleed/turtle_catch_ws/src/install/turtle_catch/lib/python3.10/site-packages/turtle_catch-0.0.0-py3.10.egg-info
[1.105s] running install_scripts
[1.123s] Installing collision_detection script to /home/omarwaleed/turtle_catch_ws/src/install/turtle_catch/lib/turtle_catch
[1.124s] Installing turtle_control script to /home/omarwaleed/turtle_catch_ws/src/install/turtle_catch/lib/turtle_catch
[1.124s] Installing turtle_spawner script to /home/omarwaleed/turtle_catch_ws/src/install/turtle_catch/lib/turtle_catch
[1.124s] writing list of installed files to '/home/omarwaleed/turtle_catch_ws/src/build/turtle_catch/install.log'
[1.146s] Invoked command in '/home/omarwaleed/turtle_catch_ws/src/turtle_catch' returned '0': PYTHONPATH=/home/omarwaleed/turtle_catch_ws/src/build/turtle_catch/prefix_override:/usr/lib/python3/dist-packages/colcon_core/task/python/colcon_distutils_commands:/home/omarwaleed/turtle_catch_ws/src/install/turtle_catch/lib/python3.10/site-packages: /usr/bin/python3 -W ignore:setup.py install is deprecated setup.py egg_info --egg-base ../build/turtle_catch build --build-base /home/omarwaleed/turtle_catch_ws/src/build/turtle_catch/build install --record /home/omarwaleed/turtle_catch_ws/src/build/turtle_catch/install.log --single-version-externally-managed install_data
