[1.052s] Invoking command in '/home/omarwaleed/turtle_catch_ws/src/turtle_catch': PYTHONPATH=/home/omarwaleed/turtle_catch_ws/build/turtle_catch/prefix_override:/usr/lib/python3/dist-packages/colcon_core/task/python/colcon_distutils_commands:/home/omarwaleed/turtle_catch_ws/install/turtle_catch/lib/python3.10/site-packages:${PYTHONPATH} /usr/bin/python3 -W ignore:setup.py install is deprecated setup.py egg_info --egg-base ../../build/turtle_catch build --build-base /home/omarwaleed/turtle_catch_ws/build/turtle_catch/build install --record /home/omarwaleed/turtle_catch_ws/build/turtle_catch/install.log --single-version-externally-managed install_data
[1.385s] running egg_info
[1.386s] creating ../../build/turtle_catch/turtle_catch.egg-info
[1.387s] writing ../../build/turtle_catch/turtle_catch.egg-info/PKG-INFO
[1.387s] writing dependency_links to ../../build/turtle_catch/turtle_catch.egg-info/dependency_links.txt
[1.388s] writing entry points to ../../build/turtle_catch/turtle_catch.egg-info/entry_points.txt
[1.388s] writing requirements to ../../build/turtle_catch/turtle_catch.egg-info/requires.txt
[1.388s] writing top-level names to ../../build/turtle_catch/turtle_catch.egg-info/top_level.txt
[1.389s] writing manifest file '../../build/turtle_catch/turtle_catch.egg-info/SOURCES.txt'
[1.393s] reading manifest file '../../build/turtle_catch/turtle_catch.egg-info/SOURCES.txt'
[1.394s] writing manifest file '../../build/turtle_catch/turtle_catch.egg-info/SOURCES.txt'
[1.395s] running build
[1.395s] running build_py
[1.395s] creating /home/omarwaleed/turtle_catch_ws/build/turtle_catch/build
[1.396s] creating /home/omarwaleed/turtle_catch_ws/build/turtle_catch/build/lib
[1.396s] creating /home/omarwaleed/turtle_catch_ws/build/turtle_catch/build/lib/turtle_catch
[1.396s] copying turtle_catch/turtle_control.py -> /home/omarwaleed/turtle_catch_ws/build/turtle_catch/build/lib/turtle_catch
[1.396s] copying turtle_catch/__init__.py -> /home/omarwaleed/turtle_catch_ws/build/turtle_catch/build/lib/turtle_catch
[1.396s] running install
[1.397s] running install_lib
[1.398s] creating /home/omarwaleed/turtle_catch_ws/install/turtle_catch/lib/python3.10/site-packages/turtle_catch
[1.399s] copying /home/omarwaleed/turtle_catch_ws/build/turtle_catch/build/lib/turtle_catch/turtle_control.py -> /home/omarwaleed/turtle_catch_ws/install/turtle_catch/lib/python3.10/site-packages/turtle_catch
[1.399s] copying /home/omarwaleed/turtle_catch_ws/build/turtle_catch/build/lib/turtle_catch/__init__.py -> /home/omarwaleed/turtle_catch_ws/install/turtle_catch/lib/python3.10/site-packages/turtle_catch
[1.400s] byte-compiling /home/omarwaleed/turtle_catch_ws/install/turtle_catch/lib/python3.10/site-packages/turtle_catch/turtle_control.py to turtle_control.cpython-310.pyc
[1.401s] byte-compiling /home/omarwaleed/turtle_catch_ws/install/turtle_catch/lib/python3.10/site-packages/turtle_catch/__init__.py to __init__.cpython-310.pyc
[1.402s] running install_data
[1.402s] creating /home/omarwaleed/turtle_catch_ws/install/turtle_catch/share/ament_index
[1.402s] creating /home/omarwaleed/turtle_catch_ws/install/turtle_catch/share/ament_index/resource_index
[1.403s] creating /home/omarwaleed/turtle_catch_ws/install/turtle_catch/share/ament_index/resource_index/packages
[1.403s] copying resource/turtle_catch -> /home/omarwaleed/turtle_catch_ws/install/turtle_catch/share/ament_index/resource_index/packages
[1.403s] copying package.xml -> /home/omarwaleed/turtle_catch_ws/install/turtle_catch/share/turtle_catch
[1.403s] running install_egg_info
[1.407s] Copying ../../build/turtle_catch/turtle_catch.egg-info to /home/omarwaleed/turtle_catch_ws/install/turtle_catch/lib/python3.10/site-packages/turtle_catch-0.0.0-py3.10.egg-info
[1.409s] running install_scripts
[1.448s] Installing turtle_control script to /home/omarwaleed/turtle_catch_ws/install/turtle_catch/lib/turtle_catch
[1.449s] writing list of installed files to '/home/omarwaleed/turtle_catch_ws/build/turtle_catch/install.log'
[1.485s] Invoked command in '/home/omarwaleed/turtle_catch_ws/src/turtle_catch' returned '0': PYTHONPATH=/home/omarwaleed/turtle_catch_ws/build/turtle_catch/prefix_override:/usr/lib/python3/dist-packages/colcon_core/task/python/colcon_distutils_commands:/home/omarwaleed/turtle_catch_ws/install/turtle_catch/lib/python3.10/site-packages:${PYTHONPATH} /usr/bin/python3 -W ignore:setup.py install is deprecated setup.py egg_info --egg-base ../../build/turtle_catch build --build-base /home/omarwaleed/turtle_catch_ws/build/turtle_catch/build install --record /home/omarwaleed/turtle_catch_ws/build/turtle_catch/install.log --single-version-externally-managed install_data
